<?xml version="1.0" encoding="UTF-8"?>
<testng-results skipped="0" failed="0" ignored="0" total="1" passed="1">
  <reporter-output>
  </reporter-output>
  <suite name="Gradle suite" duration-ms="51" started-at="2020-06-18T06:50:39Z" finished-at="2020-06-18T06:50:40Z">
    <groups>
    </groups>
    <test name="Gradle test" duration-ms="51" started-at="2020-06-18T06:50:39Z" finished-at="2020-06-18T06:50:40Z">
      <class name="HelloWorldTest">
        <test-method status="PASS" signature="shouldSayHelloWorld()[pri:0, instance:HelloWorldTest@2b2f4039]" name="shouldSayHelloWorld" duration-ms="14" started-at="2020-06-18T06:50:40Z" finished-at="2020-06-18T06:50:40Z">
          <reporter-output>
          </reporter-output>
        </test-method> <!-- shouldSayHelloWorld -->
      </class> <!-- HelloWorldTest -->
    </test> <!-- Gradle test -->
  </suite> <!-- Gradle suite -->
</testng-results>
